<?xml version="1.0" encoding="UTF-8"?>
<!-- Generated by org.testng.reporters.JUnitReportReporter -->
<testsuite hostname="LAPTOP-VM4BS85A" failures="0" tests="1" name="test.Tc3_LoginSJ" time="2.123" errors="0" timestamp="2024-12-14T19:27:00 IST" skipped="0">
  <testcase classname="test.Tc3_LoginSJ" name="navigateLoginDetail" time="2.123"/>
</testsuite> <!-- test.Tc3_LoginSJ -->
