<?xml version="1.0" encoding="UTF-8"?>
<!-- Generated by org.testng.reporters.JUnitReportReporter -->
<testsuite hostname="LAPTOP-VM4BS85A" failures="0" tests="1" name="test.Tc1_navigatetowebsite" time="0.331" errors="0" timestamp="2024-12-14T19:27:00 IST" skipped="0">
  <testcase classname="test.Tc1_navigatetowebsite" name="navigateToWebSite" time="0.331"/>
</testsuite> <!-- test.Tc1_navigatetowebsite -->
