<?xml version="1.0" encoding="UTF-8"?>
<!-- Generated by org.testng.reporters.JUnitReportReporter -->
<testsuite hostname="LAPTOP-VM4BS85A" failures="0" tests="1" name="test.Tc2_signupSJ" time="8.290" errors="0" timestamp="2024-12-14T19:14:33 IST" skipped="0">
  <testcase classname="test.Tc2_signupSJ" name="signupSJ" time="8.290"/>
</testsuite> <!-- test.Tc2_signupSJ -->
