<?xml version="1.0" encoding="UTF-8"?>
<!-- Generated by org.testng.reporters.JUnitReportReporter -->
<testsuite hostname="LAPTOP-VM4BS85A" failures="0" tests="1" name="test.Tc9_ValidateField" time="3.976" errors="0" timestamp="2024-12-13T11:08:27 IST" skipped="0">
  <testcase classname="test.Tc9_ValidateField" name="validateField" time="3.976"/>
</testsuite> <!-- test.Tc9_ValidateField -->
